<?xml version="1.0" encoding="UTF-8"?>
<testsuite name="org.tabit.chess.util.BoardSerializatorServiceImplTest" tests="1" skipped="0" failures="0" errors="0" timestamp="2018-04-09T09:20:01" hostname="Lysyis-MacBook-Pro.local" time="0.002">
  <properties/>
  <testcase name="Test1" classname="org.tabit.chess.util.BoardSerializatorServiceImplTest" time="0.002"/>
  <system-out><![CDATA[null
]]></system-out>
  <system-err><![CDATA[]]></system-err>
</testsuite>
